<?xml version="1.0" encoding="UTF-8"?>
<!-- Generated by org.testng.reporters.JUnitXMLReporter -->
<testsuite ignored="0" hostname="Nemo" failures="0" tests="7" name="Default test" time="33.733" errors="0" timestamp="2024-11-21T23:55:34 IST">
  <testcase classname="com.testNGRunner.Invocation" name="ChromeBrowser" time="6.974"/>
  <testcase classname="com.testNGRunner.Invocation" name="ChromeBrowser" time="3.434"/>
  <testcase classname="com.testNGRunner.Invocation" name="ChromeBrowser" time="3.119"/>
  <testcase classname="com.testNGRunner.Invocation" name="ChromeBrowser" time="3.27"/>
  <testcase classname="com.testNGRunner.Invocation" name="ChromeBrowser" time="3.304"/>
  <testcase classname="com.testNGRunner.Invocation" name="FirefoxBrowser" time="9.501"/>
  <testcase classname="com.testNGRunner.Invocation" name="EdgeBrowser" time="4.084"/>
</testsuite> <!-- Default test -->
