<?xml version="1.0" encoding="UTF-8"?>
<testng-results ignored="0" total="7" passed="7" failed="0" skipped="0">
  <reporter-output>
  </reporter-output>
  <suite started-at="2024-11-21T23:55:00 IST" name="Default suite" finished-at="2024-11-21T23:55:34 IST" duration-ms="33733">
    <groups>
    </groups>
    <test started-at="2024-11-21T23:55:00 IST" name="Default test" finished-at="2024-11-21T23:55:34 IST" duration-ms="33733">
      <class name="com.testNGRunner.Invocation">
        <test-method signature="ChromeBrowser()[pri:0, instance:com.testNGRunner.Invocation@1530c739]" started-at="2024-11-21T23:55:00 IST" name="ChromeBrowser" finished-at="2024-11-21T23:55:07 IST" duration-ms="6974" status="PASS">
          <reporter-output>
          </reporter-output>
        </test-method> <!-- ChromeBrowser -->
        <test-method signature="ChromeBrowser()[pri:0, instance:com.testNGRunner.Invocation@1530c739]" started-at="2024-11-21T23:55:07 IST" name="ChromeBrowser" finished-at="2024-11-21T23:55:11 IST" duration-ms="3434" status="PASS">
          <reporter-output>
          </reporter-output>
        </test-method> <!-- ChromeBrowser -->
        <test-method signature="ChromeBrowser()[pri:0, instance:com.testNGRunner.Invocation@1530c739]" started-at="2024-11-21T23:55:11 IST" name="ChromeBrowser" finished-at="2024-11-21T23:55:14 IST" duration-ms="3119" status="PASS">
          <reporter-output>
          </reporter-output>
        </test-method> <!-- ChromeBrowser -->
        <test-method signature="ChromeBrowser()[pri:0, instance:com.testNGRunner.Invocation@1530c739]" started-at="2024-11-21T23:55:14 IST" name="ChromeBrowser" finished-at="2024-11-21T23:55:17 IST" duration-ms="3270" status="PASS">
          <reporter-output>
          </reporter-output>
        </test-method> <!-- ChromeBrowser -->
        <test-method signature="ChromeBrowser()[pri:0, instance:com.testNGRunner.Invocation@1530c739]" started-at="2024-11-21T23:55:17 IST" name="ChromeBrowser" finished-at="2024-11-21T23:55:20 IST" duration-ms="3304" status="PASS">
          <reporter-output>
          </reporter-output>
        </test-method> <!-- ChromeBrowser -->
        <test-method signature="FirefoxBrowser()[pri:2, instance:com.testNGRunner.Invocation@1530c739]" started-at="2024-11-21T23:55:20 IST" name="FirefoxBrowser" finished-at="2024-11-21T23:55:30 IST" duration-ms="9501" status="PASS">
          <reporter-output>
          </reporter-output>
        </test-method> <!-- FirefoxBrowser -->
        <test-method signature="EdgeBrowser()[pri:4, instance:com.testNGRunner.Invocation@1530c739]" started-at="2024-11-21T23:55:30 IST" name="EdgeBrowser" finished-at="2024-11-21T23:55:34 IST" duration-ms="4084" status="PASS">
          <reporter-output>
          </reporter-output>
        </test-method> <!-- EdgeBrowser -->
      </class> <!-- com.testNGRunner.Invocation -->
    </test> <!-- Default test -->
  </suite> <!-- Default suite -->
</testng-results>
